<?xml version="1.0" encoding="UTF-8"?>
<testsuite name="jpabook.jpashop.JpashopApplicationTests" tests="1" skipped="0" failures="0" errors="0" timestamp="2022-05-27T04:26:53" hostname="DESKTOP-0U99NQL" time="0.341">
  <properties/>
  <testcase name="contextLoads()" classname="jpabook.jpashop.JpashopApplicationTests" time="0.341"/>
  <system-out><![CDATA[13:26:46.488 [Test worker] DEBUG org.springframework.test.context.BootstrapUtils - Instantiating CacheAwareContextLoaderDelegate from class [org.springframework.test.context.cache.DefaultCacheAwareContextLoaderDelegate]
13:26:46.506 [Test worker] DEBUG org.springframework.test.context.BootstrapUtils - Instantiating BootstrapContext using constructor [public org.springframework.test.context.support.DefaultBootstrapContext(java.lang.Class,org.springframework.test.context.CacheAwareContextLoaderDelegate)]
13:26:46.597 [Test worker] DEBUG org.springframework.test.context.BootstrapUtils - Instantiating TestContextBootstrapper for test class [jpabook.jpashop.JpashopApplicationTests] from class [org.springframework.boot.test.context.SpringBootTestContextBootstrapper]
13:26:46.632 [Test worker] INFO org.springframework.boot.test.context.SpringBootTestContextBootstrapper - Neither @ContextConfiguration nor @ContextHierarchy found for test class [jpabook.jpashop.JpashopApplicationTests], using SpringBootContextLoader
13:26:46.640 [Test worker] DEBUG org.springframework.test.context.support.AbstractContextLoader - Did not detect default resource location for test class [jpabook.jpashop.JpashopApplicationTests]: class path resource [jpabook/jpashop/JpashopApplicationTests-context.xml] does not exist
13:26:46.641 [Test worker] DEBUG org.springframework.test.context.support.AbstractContextLoader - Did not detect default resource location for test class [jpabook.jpashop.JpashopApplicationTests]: class path resource [jpabook/jpashop/JpashopApplicationTestsContext.groovy] does not exist
13:26:46.642 [Test worker] INFO org.springframework.test.context.support.AbstractContextLoader - Could not detect default resource locations for test class [jpabook.jpashop.JpashopApplicationTests]: no resource found for suffixes {-context.xml, Context.groovy}.
13:26:46.643 [Test worker] INFO org.springframework.test.context.support.AnnotationConfigContextLoaderUtils - Could not detect default configuration classes for test class [jpabook.jpashop.JpashopApplicationTests]: JpashopApplicationTests does not declare any static, non-private, non-final, nested classes annotated with @Configuration.
13:26:46.735 [Test worker] DEBUG org.springframework.test.context.support.ActiveProfilesUtils - Could not find an 'annotation declaring class' for annotation type [org.springframework.test.context.ActiveProfiles] and class [jpabook.jpashop.JpashopApplicationTests]
13:26:46.833 [Test worker] DEBUG org.springframework.context.annotation.ClassPathScanningCandidateComponentProvider - Identified candidate component class: file [C:\Users\김우중\Desktop\study\jpashop\build\classes\java\main\jpabook\jpashop\JpashopApplication.class]
13:26:46.835 [Test worker] INFO org.springframework.boot.test.context.SpringBootTestContextBootstrapper - Found @SpringBootConfiguration jpabook.jpashop.JpashopApplication for test class jpabook.jpashop.JpashopApplicationTests
13:26:46.990 [Test worker] DEBUG org.springframework.boot.test.context.SpringBootTestContextBootstrapper - @TestExecutionListeners is not present for class [jpabook.jpashop.JpashopApplicationTests]: using defaults.
13:26:46.990 [Test worker] INFO org.springframework.boot.test.context.SpringBootTestContextBootstrapper - Loaded default TestExecutionListener class names from location [META-INF/spring.factories]: [org.springframework.boot.test.autoconfigure.restdocs.RestDocsTestExecutionListener, org.springframework.boot.test.autoconfigure.web.client.MockRestServiceServerResetTestExecutionListener, org.springframework.boot.test.autoconfigure.web.servlet.MockMvcPrintOnlyOnFailureTestExecutionListener, org.springframework.boot.test.autoconfigure.web.servlet.WebDriverTestExecutionListener, org.springframework.boot.test.autoconfigure.webservices.client.MockWebServiceServerTestExecutionListener, org.springframework.boot.test.mock.mockito.MockitoTestExecutionListener, org.springframework.boot.test.mock.mockito.ResetMocksTestExecutionListener, org.springframework.test.context.web.ServletTestExecutionListener, org.springframework.test.context.support.DirtiesContextBeforeModesTestExecutionListener, org.springframework.test.context.event.ApplicationEventsTestExecutionListener, org.springframework.test.context.support.DependencyInjectionTestExecutionListener, org.springframework.test.context.support.DirtiesContextTestExecutionListener, org.springframework.test.context.transaction.TransactionalTestExecutionListener, org.springframework.test.context.jdbc.SqlScriptsTestExecutionListener, org.springframework.test.context.event.EventPublishingTestExecutionListener]
13:26:47.012 [Test worker] INFO org.springframework.boot.test.context.SpringBootTestContextBootstrapper - Using TestExecutionListeners: [org.springframework.test.context.web.ServletTestExecutionListener@772485dd, org.springframework.test.context.support.DirtiesContextBeforeModesTestExecutionListener@5a12c728, org.springframework.test.context.event.ApplicationEventsTestExecutionListener@79ab3a71, org.springframework.boot.test.mock.mockito.MockitoTestExecutionListener@6e5bfdfc, org.springframework.boot.test.autoconfigure.SpringBootDependencyInjectionTestExecutionListener@3d829787, org.springframework.test.context.support.DirtiesContextTestExecutionListener@71652c98, org.springframework.test.context.transaction.TransactionalTestExecutionListener@51bde877, org.springframework.test.context.jdbc.SqlScriptsTestExecutionListener@60b85ba1, org.springframework.test.context.event.EventPublishingTestExecutionListener@492fc69e, org.springframework.boot.test.autoconfigure.restdocs.RestDocsTestExecutionListener@117632cf, org.springframework.boot.test.autoconfigure.web.client.MockRestServiceServerResetTestExecutionListener@2fb68ec6, org.springframework.boot.test.autoconfigure.web.servlet.MockMvcPrintOnlyOnFailureTestExecutionListener@d71adc2, org.springframework.boot.test.autoconfigure.web.servlet.WebDriverTestExecutionListener@3add81c4, org.springframework.boot.test.autoconfigure.webservices.client.MockWebServiceServerTestExecutionListener@1a1d3c1a, org.springframework.boot.test.mock.mockito.ResetMocksTestExecutionListener@1c65121]
13:26:47.017 [Test worker] DEBUG org.springframework.test.context.support.AbstractDirtiesContextTestExecutionListener - Before test class: context [DefaultTestContext@6c44052e testClass = JpashopApplicationTests, testInstance = [null], testMethod = [null], testException = [null], mergedContextConfiguration = [WebMergedContextConfiguration@5c371e13 testClass = JpashopApplicationTests, locations = '{}', classes = '{class jpabook.jpashop.JpashopApplication}', contextInitializerClasses = '[]', activeProfiles = '{}', propertySourceLocations = '{}', propertySourceProperties = '{org.springframework.boot.test.context.SpringBootTestContextBootstrapper=true}', contextCustomizers = set[org.springframework.boot.test.autoconfigure.actuate.metrics.MetricsExportContextCustomizerFactory$DisableMetricExportContextCustomizer@1d8062d2, org.springframework.boot.test.autoconfigure.properties.PropertyMappingContextCustomizer@0, org.springframework.boot.test.autoconfigure.web.servlet.WebDriverContextCustomizerFactory$Customizer@619bfe29, org.springframework.boot.test.context.filter.ExcludeFilterContextCustomizer@2bef51f2, org.springframework.boot.test.json.DuplicateJsonObjectContextCustomizerFactory$DuplicateJsonObjectContextCustomizer@4e28bdd1, org.springframework.boot.test.mock.mockito.MockitoContextCustomizer@0, org.springframework.boot.test.web.client.TestRestTemplateContextCustomizer@76f7d241, org.springframework.boot.test.context.SpringBootTestArgs@1, org.springframework.boot.test.context.SpringBootTestWebEnvironment@26adfd2d], resourceBasePath = 'src/main/webapp', contextLoader = 'org.springframework.boot.test.context.SpringBootContextLoader', parent = [null]], attributes = map['org.springframework.test.context.web.ServletTestExecutionListener.activateListener' -> true]], class annotated with @DirtiesContext [false] with mode [null].

  .   ____          _            __ _ _
 /\\ / ___'_ __ _ _(_)_ __  __ _ \ \ \ \
( ( )\___ | '_ | '_| | '_ \/ _` | \ \ \ \
 \\/  ___)| |_)| | | | | || (_| |  ) ) ) )
  '  |____| .__|_| |_|_| |_\__, | / / / /
 =========|_|==============|___/=/_/_/_/
 :: Spring Boot ::                (v2.7.0)

2022-05-27 13:26:47.508  INFO 1220 --- [    Test worker] jpabook.jpashop.JpashopApplicationTests  : Starting JpashopApplicationTests using Java 11 on DESKTOP-0U99NQL with PID 1220 (started by 김우중 in C:\Users\김우중\Desktop\study\jpashop)
2022-05-27 13:26:47.511  INFO 1220 --- [    Test worker] jpabook.jpashop.JpashopApplicationTests  : No active profile set, falling back to 1 default profile: "default"
2022-05-27 13:26:48.849  INFO 1220 --- [    Test worker] .s.d.r.c.RepositoryConfigurationDelegate : Bootstrapping Spring Data JPA repositories in DEFAULT mode.
2022-05-27 13:26:48.878  INFO 1220 --- [    Test worker] .s.d.r.c.RepositoryConfigurationDelegate : Finished Spring Data repository scanning in 11 ms. Found 0 JPA repository interfaces.
2022-05-27 13:26:49.573  INFO 1220 --- [    Test worker] com.zaxxer.hikari.HikariDataSource       : HikariPool-1 - Starting...
2022-05-27 13:26:49.945  INFO 1220 --- [    Test worker] com.zaxxer.hikari.HikariDataSource       : HikariPool-1 - Start completed.
2022-05-27 13:26:50.065  INFO 1220 --- [    Test worker] o.hibernate.jpa.internal.util.LogHelper  : HHH000204: Processing PersistenceUnitInfo [name: default]
2022-05-27 13:26:50.182  INFO 1220 --- [    Test worker] org.hibernate.Version                    : HHH000412: Hibernate ORM core version 5.6.9.Final
2022-05-27 13:26:50.565  INFO 1220 --- [    Test worker] o.hibernate.annotations.common.Version   : HCANN000001: Hibernate Commons Annotations {5.1.2.Final}
2022-05-27 13:26:50.917  INFO 1220 --- [    Test worker] org.hibernate.dialect.Dialect            : HHH000400: Using dialect: org.hibernate.dialect.H2Dialect
2022-05-27 13:26:51.217  INFO 1220 --- [    Test worker] o.h.e.t.j.p.i.JtaPlatformInitiator       : HHH000490: Using JtaPlatform implementation: [org.hibernate.engine.transaction.jta.platform.internal.NoJtaPlatform]
2022-05-27 13:26:51.258  INFO 1220 --- [    Test worker] j.LocalContainerEntityManagerFactoryBean : Initialized JPA EntityManagerFactory for persistence unit 'default'
2022-05-27 13:26:51.659  WARN 1220 --- [    Test worker] JpaBaseConfiguration$JpaWebConfiguration : spring.jpa.open-in-view is enabled by default. Therefore, database queries may be performed during view rendering. Explicitly configure spring.jpa.open-in-view to disable this warning
2022-05-27 13:26:53.124  INFO 1220 --- [    Test worker] jpabook.jpashop.JpashopApplicationTests  : Started JpashopApplicationTests in 6.062 seconds (JVM running for 7.798)
]]></system-out>
  <system-err><![CDATA[]]></system-err>
</testsuite>
